# JRE version: Java(TM) SE Runtime Environment (8.0_144-b01) (build 1.8.0_144-b01)
# Java VM: Java HotSpot(TM) 64-Bit Server VM (25.144-b01 mixed mode linux-amd64 compressed oops)
Heap:
 PSYoungGen      total 64512K, used 13323K [0x00000000d9180000, 0x00000000dd680000, 0x0000000100000000)
  eden space 59904K, 14% used [0x00000000d9180000,0x00000000d9a08ea0,0x00000000dcc00000)
  from space 4608K, 99% used [0x00000000dd200000,0x00000000dd679d78,0x00000000dd680000)
  to   space 4608K, 0% used [0x00000000dcd80000,0x00000000dcd80000,0x00000000dd200000)
 ParOldGen       total 63488K, used 18884K [0x000000008b400000, 0x000000008f200000, 0x00000000d9180000)
  object space 63488K, 29% used [0x000000008b400000,0x000000008c6713f0,0x000000008f200000)
 Metaspace       used 23979K, capacity 25524K, committed 25728K, reserved 1071104K
  class space    used 3353K, capacity 3647K, committed 3712K, reserved 1048576K
GC Heap History (10 events):
Event: 4,140 GC heap before
{Heap before GC invocations=1 (full 0):
 PSYoungGen      total 35328K, used 25734K [0x00000000d9180000, 0x00000000db880000, 0x0000000100000000)
  eden space 30720K, 83% used [0x00000000d9180000,0x00000000daaa18c8,0x00000000daf80000)
  from space 4608K, 0% used [0x00000000db400000,0x00000000db400000,0x00000000db880000)
  to   space 4608K, 0% used [0x00000000daf80000,0x00000000daf80000,0x00000000db400000)
 ParOldGen       total 80896K, used 0K [0x000000008b400000, 0x0000000090300000, 0x00000000d9180000)
  object space 80896K, 0% used [0x000000008b400000,0x000000008b400000,0x0000000090300000)
 Metaspace       used 13815K, capacity 14224K, committed 14464K, reserved 1062912K
  class space    used 1709K, capacity 1835K, committed 1920K, reserved 1048576K
Event: 4,158 GC heap after
Heap after GC invocations=1 (full 0):
 PSYoungGen      total 35328K, used 4592K [0x00000000d9180000, 0x00000000db880000, 0x0000000100000000)
  eden space 30720K, 0% used [0x00000000d9180000,0x00000000d9180000,0x00000000daf80000)
  from space 4608K, 99% used [0x00000000daf80000,0x00000000db3fc080,0x00000000db400000)
  to   space 4608K, 0% used [0x00000000db400000,0x00000000db400000,0x00000000db880000)
 ParOldGen       total 80896K, used 1023K [0x000000008b400000, 0x0000000090300000, 0x00000000d9180000)
  object space 80896K, 1% used [0x000000008b400000,0x000000008b4ffe40,0x0000000090300000)
 Metaspace       used 13815K, capacity 14224K, committed 14464K, reserved 1062912K
  class space    used 1709K, capacity 1835K, committed 1920K, reserved 1048576K
}
Event: 15,192 GC heap before
{Heap before GC invocations=2 (full 0):
 PSYoungGen      total 35328K, used 35312K [0x00000000d9180000, 0x00000000db880000, 0x0000000100000000)
  eden space 30720K, 100% used [0x00000000d9180000,0x00000000daf80000,0x00000000daf80000)
  from space 4608K, 99% used [0x00000000daf80000,0x00000000db3fc080,0x00000000db400000)
  to   space 4608K, 0% used [0x00000000db400000,0x00000000db400000,0x00000000db880000)
 ParOldGen       total 80896K, used 1023K [0x000000008b400000, 0x0000000090300000, 0x00000000d9180000)
  object space 80896K, 1% used [0x000000008b400000,0x000000008b4ffe40,0x0000000090300000)
 Metaspace       used 20297K, capacity 21044K, committed 21248K, reserved 1067008K
  class space    used 2755K, capacity 2953K, committed 3072K, reserved 1048576K
Event: 15,223 GC heap after
Heap after GC invocations=2 (full 0):
 PSYoungGen      total 35328K, used 4580K [0x00000000d9180000, 0x00000000db880000, 0x0000000100000000)
  eden space 30720K, 0% used [0x00000000d9180000,0x00000000d9180000,0x00000000daf80000)
  from space 4608K, 99% used [0x00000000db400000,0x00000000db879088,0x00000000db880000)
  to   space 4608K, 0% used [0x00000000daf80000,0x00000000daf80000,0x00000000db400000)
 ParOldGen       total 80896K, used 13276K [0x000000008b400000, 0x0000000090300000, 0x00000000d9180000)
  object space 80896K, 16% used [0x000000008b400000,0x000000008c0f7258,0x0000000090300000)
 Metaspace       used 20297K, capacity 21044K, committed 21248K, reserved 1067008K
  class space    used 2755K, capacity 2953K, committed 3072K, reserved 1048576K
}
Event: 15,246 GC heap before
{Heap before GC invocations=3 (full 0):
 PSYoungGen      total 35328K, used 5092K [0x00000000d9180000, 0x00000000db880000, 0x0000000100000000)
  eden space 30720K, 1% used [0x00000000d9180000,0x00000000d9200020,0x00000000daf80000)
  from space 4608K, 99% used [0x00000000db400000,0x00000000db879088,0x00000000db880000)
  to   space 4608K, 0% used [0x00000000daf80000,0x00000000daf80000,0x00000000db400000)
 ParOldGen       total 80896K, used 13276K [0x000000008b400000, 0x0000000090300000, 0x00000000d9180000)
  object space 80896K, 16% used [0x000000008b400000,0x000000008c0f7258,0x0000000090300000)
 Metaspace       used 20434K, capacity 21138K, committed 21296K, reserved 1067008K
  class space    used 2782K, capacity 2958K, committed 3072K, reserved 1048576K
Event: 15,264 GC heap after
Heap after GC invocations=3 (full 0):
 PSYoungGen      total 35328K, used 4592K [0x00000000d9180000, 0x00000000dd680000, 0x0000000100000000)
  eden space 30720K, 0% used [0x00000000d9180000,0x00000000d9180000,0x00000000daf80000)
  from space 4608K, 99% used [0x00000000daf80000,0x00000000db3fc098,0x00000000db400000)
  to   space 4608K, 0% used [0x00000000dd200000,0x00000000dd200000,0x00000000dd680000)
 ParOldGen       total 80896K, used 13292K [0x000000008b400000, 0x0000000090300000, 0x00000000d9180000)
  object space 80896K, 16% used [0x000000008b400000,0x000000008c0fb258,0x0000000090300000)
 Metaspace       used 20434K, capacity 21138K, committed 21296K, reserved 1067008K
  class space    used 2782K, capacity 2958K, committed 3072K, reserved 1048576K
}
Event: 15,264 GC heap before
{Heap before GC invocations=4 (full 1):
 PSYoungGen      total 35328K, used 4592K [0x00000000d9180000, 0x00000000dd680000, 0x0000000100000000)
  eden space 30720K, 0% used [0x00000000d9180000,0x00000000d9180000,0x00000000daf80000)
  from space 4608K, 99% used [0x00000000daf80000,0x00000000db3fc098,0x00000000db400000)
  to   space 4608K, 0% used [0x00000000dd200000,0x00000000dd200000,0x00000000dd680000)
 ParOldGen       total 80896K, used 13292K [0x000000008b400000, 0x0000000090300000, 0x00000000d9180000)
  object space 80896K, 16% used [0x000000008b400000,0x000000008c0fb258,0x0000000090300000)
 Metaspace       used 20434K, capacity 21138K, committed 21296K, reserved 1067008K
  class space    used 2782K, capacity 2958K, committed 3072K, reserved 1048576K
Event: 15,363 GC heap after
Heap after GC invocations=4 (full 1):
 PSYoungGen      total 35328K, used 0K [0x00000000d9180000, 0x00000000dd680000, 0x0000000100000000)
  eden space 30720K, 0% used [0x00000000d9180000,0x00000000d9180000,0x00000000daf80000)
  from space 4608K, 0% used [0x00000000daf80000,0x00000000daf80000,0x00000000db400000)
  to   space 4608K, 0% used [0x00000000dd200000,0x00000000dd200000,0x00000000dd680000)
 ParOldGen       total 63488K, used 16739K [0x000000008b400000, 0x000000008f200000, 0x00000000d9180000)
  object space 63488K, 26% used [0x000000008b400000,0x000000008c458c08,0x000000008f200000)
 Metaspace       used 20434K, capacity 21138K, committed 21296K, reserved 1067008K
  class space    used 2782K, capacity 2958K, committed 3072K, reserved 1048576K
}
Event: 19,900 GC heap before
{Heap before GC invocations=5 (full 1):
 PSYoungGen      total 35328K, used 30720K [0x00000000d9180000, 0x00000000dd680000, 0x0000000100000000)
  eden space 30720K, 100% used [0x00000000d9180000,0x00000000daf80000,0x00000000daf80000)
  from space 4608K, 0% used [0x00000000daf80000,0x00000000daf80000,0x00000000db400000)
  to   space 4608K, 0% used [0x00000000dd200000,0x00000000dd200000,0x00000000dd680000)
 ParOldGen       total 63488K, used 16739K [0x000000008b400000, 0x000000008f200000, 0x00000000d9180000)
  object space 63488K, 26% used [0x000000008b400000,0x000000008c458c08,0x000000008f200000)
 Metaspace       used 23325K, capacity 24630K, committed 24832K, reserved 1071104K
  class space    used 3264K, capacity 3526K, committed 3584K, reserved 1048576K
Event: 19,926 GC heap after
Heap after GC invocations=5 (full 1):
 PSYoungGen      total 64512K, used 4583K [0x00000000d9180000, 0x00000000dd680000, 0x0000000100000000)
  eden space 59904K, 0% used [0x00000000d9180000,0x00000000d9180000,0x00000000dcc00000)
  from space 4608K, 99% used [0x00000000dd200000,0x00000000dd679d78,0x00000000dd680000)
  to   space 4608K, 0% used [0x00000000dcd80000,0x00000000dcd80000,0x00000000dd200000)
 ParOldGen       total 63488K, used 18884K [0x000000008b400000, 0x000000008f200000, 0x00000000d9180000)
  object space 63488K, 29% used [0x000000008b400000,0x000000008c6713f0,0x000000008f200000)
 Metaspace       used 23325K, capacity 24630K, committed 24832K, reserved 1071104K
  class space    used 3264K, capacity 3526K, committed 3584K, reserved 1048576K
}

